<?xml version="1.0" encoding="UTF-8" ?>
<testsuite errors="0" failures="0" hostname="LAPTOP-H4NFRS6L" name="RationalTest" skipped="0" tests="9" time="0.07" timestamp="2021-09-07T13:01:29">
  <properties>
[...]
</properties>
  <testcase classname="RationalTest" name="testAdd" time="0.007" />
  <testcase classname="RationalTest" name="testSubtract" time="0.0" />
  <testcase classname="RationalTest" name="testEqual" time="0.0" />
  <testcase classname="RationalTest" name="testToString" time="0.005" />
  <testcase classname="RationalTest" name="testCompareTo" time="0.0" />
  <testcase classname="RationalTest" name="testRational1" time="0.001" />
  <testcase classname="RationalTest" name="testRational2" time="0.0" />
  <testcase classname="RationalTest" name="testDivide" time="0.0" />
  <testcase classname="RationalTest" name="testMultiply" time="0.0" />
  <system-out><![CDATA[]]></system-out>
  <system-err><![CDATA[]]></system-err>
</testsuite>
